生成启动时间为 2019/11/10 20:10:05。
     1>项目“C:\Users\86137\Desktop\Git\2019Freshman\2019Freshman\10.23\list\list\list.vcxproj”在节点 2 上(Build 个目标)。
     1>ClCompile:
         D:\编程\wuyu\VC\bin\CL.exe /c /ZI /nologo /W3 /WX- /Od /Oy- /D WIN32 /D _DEBUG /D _CONSOLE /D _LIB /D _UNICODE /D UNICODE /Gm /EHsc /RTC1 /MDd /GS /fp:precise /Zc:wchar_t /Zc:forScope /Fo"Debug\\" /Fd"Debug\vc120.pdb" /Gd /TP /analyze- /errorReport:prompt "源.cpp"
         源.cpp
     1>c:\users\86137\desktop\git\2019freshman\2019freshman\10.23\list\list\源.cpp(40): warning C4996: 'scanf': This function or variable may be unsafe. Consider using scanf_s instead. To disable deprecation, use _CRT_SECURE_NO_WARNINGS. See online help for details.
                 d:\编程\wuyu\vc\include\stdio.h(283) : 参见“scanf”的声明
     1>c:\users\86137\desktop\git\2019freshman\2019freshman\10.23\list\list\源.cpp(41): warning C4996: 'fopen': This function or variable may be unsafe. Consider using fopen_s instead. To disable deprecation, use _CRT_SECURE_NO_WARNINGS. See online help for details.
                 d:\编程\wuyu\vc\include\stdio.h(211) : 参见“fopen”的声明
     1>c:\users\86137\desktop\git\2019freshman\2019freshman\10.23\list\list\源.cpp(45): warning C4996: 'scanf': This function or variable may be unsafe. Consider using scanf_s instead. To disable deprecation, use _CRT_SECURE_NO_WARNINGS. See online help for details.
                 d:\编程\wuyu\vc\include\stdio.h(283) : 参见“scanf”的声明
     1>c:\users\86137\desktop\git\2019freshman\2019freshman\10.23\list\list\源.cpp(48): warning C4996: 'fopen': This function or variable may be unsafe. Consider using fopen_s instead. To disable deprecation, use _CRT_SECURE_NO_WARNINGS. See online help for details.
                 d:\编程\wuyu\vc\include\stdio.h(211) : 参见“fopen”的声明
     1>c:\users\86137\desktop\git\2019freshman\2019freshman\10.23\list\list\源.cpp(56): warning C4996: 'getch': The POSIX name for this item is deprecated. Instead, use the ISO C++ conformant name: _getch. See online help for details.
                 d:\编程\wuyu\vc\include\conio.h(131) : 参见“getch”的声明
     1>c:\users\86137\desktop\git\2019freshman\2019freshman\10.23\list\list\源.cpp(71): warning C4996: 'fscanf': This function or variable may be unsafe. Consider using fscanf_s instead. To disable deprecation, use _CRT_SECURE_NO_WARNINGS. See online help for details.
                 d:\编程\wuyu\vc\include\stdio.h(230) : 参见“fscanf”的声明
     1>c:\users\86137\desktop\git\2019freshman\2019freshman\10.23\list\list\源.cpp(104): warning C4996: 'scanf': This function or variable may be unsafe. Consider using scanf_s instead. To disable deprecation, use _CRT_SECURE_NO_WARNINGS. See online help for details.
                 d:\编程\wuyu\vc\include\stdio.h(283) : 参见“scanf”的声明
     1>c:\users\86137\desktop\git\2019freshman\2019freshman\10.23\list\list\源.cpp(115): warning C4996: 'scanf': This function or variable may be unsafe. Consider using scanf_s instead. To disable deprecation, use _CRT_SECURE_NO_WARNINGS. See online help for details.
                 d:\编程\wuyu\vc\include\stdio.h(283) : 参见“scanf”的声明
     1>c:\users\86137\desktop\git\2019freshman\2019freshman\10.23\list\list\源.cpp(119): warning C4996: 'scanf': This function or variable may be unsafe. Consider using scanf_s instead. To disable deprecation, use _CRT_SECURE_NO_WARNINGS. See online help for details.
                 d:\编程\wuyu\vc\include\stdio.h(283) : 参见“scanf”的声明
     1>c:\users\86137\desktop\git\2019freshman\2019freshman\10.23\list\list\源.cpp(121): warning C4996: 'getch': The POSIX name for this item is deprecated. Instead, use the ISO C++ conformant name: _getch. See online help for details.
                 d:\编程\wuyu\vc\include\conio.h(131) : 参见“getch”的声明
     1>c:\users\86137\desktop\git\2019freshman\2019freshman\10.23\list\list\源.cpp(141): warning C4996: 'fopen': This function or variable may be unsafe. Consider using fopen_s instead. To disable deprecation, use _CRT_SECURE_NO_WARNINGS. See online help for details.
                 d:\编程\wuyu\vc\include\stdio.h(211) : 参见“fopen”的声明
     1>c:\users\86137\desktop\git\2019freshman\2019freshman\10.23\list\list\源.cpp(167): warning C4996: 'scanf': This function or variable may be unsafe. Consider using scanf_s instead. To disable deprecation, use _CRT_SECURE_NO_WARNINGS. See online help for details.
                 d:\编程\wuyu\vc\include\stdio.h(283) : 参见“scanf”的声明
       Link:
         D:\编程\wuyu\VC\bin\link.exe /ERRORREPORT:PROMPT /OUT:"C:\Users\86137\Desktop\Git\2019Freshman\2019Freshman\10.23\list\Debug\list.exe" /INCREMENTAL /NOLOGO kernel32.lib user32.lib gdi32.lib winspool.lib comdlg32.lib advapi32.lib shell32.lib ole32.lib oleaut32.lib uuid.lib odbc32.lib odbccp32.lib /MANIFEST /MANIFESTUAC:"level='asInvoker' uiAccess='false'" /manifest:embed /DEBUG /PDB:"C:\Users\86137\Desktop\Git\2019Freshman\2019Freshman\10.23\list\Debug\list.pdb" /SUBSYSTEM:CONSOLE /TLBID:1 /DYNAMICBASE /NXCOMPAT /IMPLIB:"C:\Users\86137\Desktop\Git\2019Freshman\2019Freshman\10.23\list\Debug\list.lib" /MACHINE:X86 "Debug\源.obj"
         list.vcxproj -> C:\Users\86137\Desktop\Git\2019Freshman\2019Freshman\10.23\list\Debug\list.exe
     1>已完成生成项目“C:\Users\86137\Desktop\Git\2019Freshman\2019Freshman\10.23\list\list\list.vcxproj”(Build 个目标)的操作。

生成成功。

已用时间 00:00:01.84
